[ 2016-07-10T09:49:17+08:00 ] 127.0.0.1 /privilege/index.php/Admin/Login/index
INFO: [ app_init ] --START--
INFO: Run Behavior\BuildLiteBehavior [ RunTime:0.000022s ]
INFO: [ app_init ] --END-- [ RunTime:0.011017s ]
INFO: [ app_begin ] --START--
INFO: Run Behavior\ReadHtmlCacheBehavior [ RunTime:0.018973s ]
INFO: [ app_begin ] --END-- [ RunTime:0.019061s ]
INFO: [ view_parse ] --START--
INFO: [ template_filter ] --START--
INFO: Run Behavior\ContentReplaceBehavior [ RunTime:0.000046s ]
INFO: [ template_filter ] --END-- [ RunTime:0.000097s ]
INFO: Run Behavior\ParseTemplateBehavior [ RunTime:0.061006s ]
INFO: [ view_parse ] --END-- [ RunTime:0.061077s ]
INFO: [ view_filter ] --START--
INFO: Run Behavior\WriteHtmlCacheBehavior [ RunTime:0.024052s ]
INFO: [ view_filter ] --END-- [ RunTime:0.024107s ]
INFO: [ app_end ] --START--
INFO: Run Behavior\ShowPageTraceBehavior [ RunTime:0.005181s ]
INFO: [ app_end ] --END-- [ RunTime:0.005260s ]

[ 2016-07-10T09:49:18+08:00 ] 127.0.0.1 /privilege/index.php/Admin/Login/captcha.html
INFO: [ app_init ] --START--
INFO: Run Behavior\BuildLiteBehavior [ RunTime:0.000016s ]
INFO: [ app_init ] --END-- [ RunTime:0.001613s ]
INFO: [ app_begin ] --START--
INFO: Run Behavior\ReadHtmlCacheBehavior [ RunTime:0.003458s ]
INFO: [ app_begin ] --END-- [ RunTime:0.003521s ]
INFO: [ app_end ] --START--
INFO: Run Behavior\ShowPageTraceBehavior [ RunTime:0.007208s ]
INFO: [ app_end ] --END-- [ RunTime:0.007287s ]

[ 2016-07-10T09:49:25+08:00 ] 127.0.0.1 /privilege/index.php/Admin/Login/signin.html
INFO: [ app_init ] --START--
INFO: Run Behavior\BuildLiteBehavior [ RunTime:0.000014s ]
INFO: [ app_init ] --END-- [ RunTime:0.001749s ]
INFO: [ app_begin ] --START--
INFO: Run Behavior\ReadHtmlCacheBehavior [ RunTime:0.003960s ]
INFO: [ app_begin ] --END-- [ RunTime:0.004026s ]
SQL: SHOW COLUMNS FROM `think_user` [ RunTime:0.0692s ]
SQL: SELECT * FROM `think_user` WHERE `name` = 'admin' LIMIT 1   [ RunTime:0.0088s ]

[ 2016-07-10T09:49:27+08:00 ] 127.0.0.1 /privilege/index.php/Admin/Index/index.html
INFO: [ app_init ] --START--
INFO: Run Behavior\BuildLiteBehavior [ RunTime:0.000016s ]
INFO: [ app_init ] --END-- [ RunTime:0.001470s ]
INFO: [ app_begin ] --START--
INFO: Run Behavior\ReadHtmlCacheBehavior [ RunTime:0.002506s ]
INFO: [ app_begin ] --END-- [ RunTime:0.002552s ]
INFO: [ view_parse ] --START--
INFO: [ template_filter ] --START--
INFO: Run Behavior\ContentReplaceBehavior [ RunTime:0.000305s ]
INFO: [ template_filter ] --END-- [ RunTime:0.000371s ]
INFO: Run Behavior\ParseTemplateBehavior [ RunTime:0.059857s ]
INFO: [ view_parse ] --END-- [ RunTime:0.059922s ]
INFO: [ view_filter ] --START--
INFO: Run Behavior\WriteHtmlCacheBehavior [ RunTime:0.003173s ]
INFO: [ view_filter ] --END-- [ RunTime:0.003210s ]
INFO: [ app_end ] --START--
INFO: Run Behavior\ShowPageTraceBehavior [ RunTime:0.003589s ]
INFO: [ app_end ] --END-- [ RunTime:0.003632s ]

[ 2016-07-10T09:49:28+08:00 ] 127.0.0.1 /privilege/index.php/Admin/Access/index.html
INFO: [ app_init ] --START--
INFO: Run Behavior\BuildLiteBehavior [ RunTime:0.000014s ]
INFO: [ app_init ] --END-- [ RunTime:0.001357s ]
INFO: [ app_begin ] --START--
INFO: Run Behavior\ReadHtmlCacheBehavior [ RunTime:0.002765s ]
INFO: [ app_begin ] --END-- [ RunTime:0.002829s ]
SQL: SHOW COLUMNS FROM `think_user` [ RunTime:0.0181s ]
SQL: SELECT a.*,b.role_id FROM `think_user` as a left join think_role_user as b on a.id = b.user_id   [ RunTime:0.0287s ]
SQL: SHOW COLUMNS FROM `think_role` [ RunTime:0.0295s ]
SQL: SELECT `name` FROM `think_role` WHERE `id` = 3 LIMIT 1   [ RunTime:0.0004s ]
SQL: SELECT `name` FROM `think_role` WHERE `id` = null LIMIT 1   [ RunTime:0.0002s ]
INFO: [ view_parse ] --START--
INFO: [ template_filter ] --START--
INFO: Run Behavior\ContentReplaceBehavior [ RunTime:0.000033s ]
INFO: [ template_filter ] --END-- [ RunTime:0.000081s ]
INFO: Run Behavior\ParseTemplateBehavior [ RunTime:0.029101s ]
INFO: [ view_parse ] --END-- [ RunTime:0.029169s ]
INFO: [ view_filter ] --START--
INFO: Run Behavior\WriteHtmlCacheBehavior [ RunTime:0.002317s ]
INFO: [ view_filter ] --END-- [ RunTime:0.002356s ]
INFO: [ app_end ] --START--
INFO: Run Behavior\ShowPageTraceBehavior [ RunTime:0.002571s ]
INFO: [ app_end ] --END-- [ RunTime:0.002611s ]

[ 2016-07-10T10:16:46+08:00 ] 127.0.0.1 /privilege/index.php/Admin/Access/index.html
INFO: [ app_init ] --START--
INFO: Run Behavior\BuildLiteBehavior [ RunTime:0.000015s ]
INFO: [ app_init ] --END-- [ RunTime:0.001751s ]
INFO: [ app_begin ] --START--
INFO: Run Behavior\ReadHtmlCacheBehavior [ RunTime:0.006327s ]
INFO: [ app_begin ] --END-- [ RunTime:0.006395s ]
SQL: SHOW COLUMNS FROM `think_user` [ RunTime:0.0235s ]
SQL: SELECT a.*,b.role_id FROM `think_user` as a left join think_role_user as b on a.id = b.user_id   [ RunTime:0.0066s ]
SQL: SHOW COLUMNS FROM `think_role` [ RunTime:0.0182s ]
SQL: SELECT `name` FROM `think_role` WHERE `id` = 3 LIMIT 1   [ RunTime:0.0003s ]
SQL: SELECT `name` FROM `think_role` WHERE `id` = null LIMIT 1   [ RunTime:0.0002s ]
INFO: [ view_parse ] --START--
INFO: [ template_filter ] --START--
INFO: Run Behavior\ContentReplaceBehavior [ RunTime:0.000033s ]
INFO: [ template_filter ] --END-- [ RunTime:0.000081s ]
INFO: Run Behavior\ParseTemplateBehavior [ RunTime:0.040051s ]
INFO: [ view_parse ] --END-- [ RunTime:0.040115s ]
INFO: [ view_filter ] --START--
INFO: Run Behavior\WriteHtmlCacheBehavior [ RunTime:0.006044s ]
INFO: [ view_filter ] --END-- [ RunTime:0.006098s ]
INFO: [ app_end ] --START--
INFO: Run Behavior\ShowPageTraceBehavior [ RunTime:0.005802s ]
INFO: [ app_end ] --END-- [ RunTime:0.005849s ]

[ 2016-07-10T10:16:48+08:00 ] 127.0.0.1 /privilege/index.php/Admin/Access/add_user.html
INFO: [ app_init ] --START--
INFO: Run Behavior\BuildLiteBehavior [ RunTime:0.000014s ]
INFO: [ app_init ] --END-- [ RunTime:0.001758s ]
INFO: [ app_begin ] --START--
INFO: Run Behavior\ReadHtmlCacheBehavior [ RunTime:0.006212s ]
INFO: [ app_begin ] --END-- [ RunTime:0.006278s ]
SQL: SHOW COLUMNS FROM `think_role` [ RunTime:0.0096s ]
SQL: SELECT * FROM `think_role`  [ RunTime:0.0003s ]
INFO: [ view_parse ] --START--
INFO: [ template_filter ] --START--
INFO: Run Behavior\ContentReplaceBehavior [ RunTime:0.000093s ]
INFO: [ template_filter ] --END-- [ RunTime:0.000318s ]
NOTIC: [8] Undefined variable: data D:\project\privilege\Application\Runtime\Cache\Admin\cebad29fbd644ae6ff76664aa944f735.php 第 41 行.
NOTIC: [8] Undefined variable: data D:\project\privilege\Application\Runtime\Cache\Admin\cebad29fbd644ae6ff76664aa944f735.php 第 60 行.
INFO: Run Behavior\ParseTemplateBehavior [ RunTime:0.061784s ]
INFO: [ view_parse ] --END-- [ RunTime:0.061841s ]
INFO: [ view_filter ] --START--
INFO: Run Behavior\WriteHtmlCacheBehavior [ RunTime:0.007674s ]
INFO: [ view_filter ] --END-- [ RunTime:0.007734s ]
INFO: [ app_end ] --START--
INFO: Run Behavior\ShowPageTraceBehavior [ RunTime:0.011576s ]
INFO: [ app_end ] --END-- [ RunTime:0.011629s ]

[ 2016-07-10T10:16:49+08:00 ] 127.0.0.1 /privilege/index.php/Admin/Access/add_user.html
INFO: [ app_init ] --START--
INFO: Run Behavior\BuildLiteBehavior [ RunTime:0.000015s ]
INFO: [ app_init ] --END-- [ RunTime:0.002557s ]
INFO: [ app_begin ] --START--
INFO: Run Behavior\ReadHtmlCacheBehavior [ RunTime:0.007894s ]
INFO: [ app_begin ] --END-- [ RunTime:0.007966s ]
SQL: SHOW COLUMNS FROM `think_role` [ RunTime:0.0098s ]
SQL: SELECT * FROM `think_role`  [ RunTime:0.0004s ]
INFO: [ view_parse ] --START--
INFO: [ template_filter ] --START--
INFO: Run Behavior\ContentReplaceBehavior [ RunTime:0.000034s ]
INFO: [ template_filter ] --END-- [ RunTime:0.000083s ]
NOTIC: [8] Undefined variable: data D:\project\privilege\Application\Runtime\Cache\Admin\cebad29fbd644ae6ff76664aa944f735.php 第 41 行.
NOTIC: [8] Undefined variable: data D:\project\privilege\Application\Runtime\Cache\Admin\cebad29fbd644ae6ff76664aa944f735.php 第 60 行.
INFO: Run Behavior\ParseTemplateBehavior [ RunTime:0.046235s ]
INFO: [ view_parse ] --END-- [ RunTime:0.046294s ]
INFO: [ view_filter ] --START--
INFO: Run Behavior\WriteHtmlCacheBehavior [ RunTime:0.007327s ]
INFO: [ view_filter ] --END-- [ RunTime:0.007375s ]
INFO: [ app_end ] --START--
INFO: Run Behavior\ShowPageTraceBehavior [ RunTime:0.007396s ]
INFO: [ app_end ] --END-- [ RunTime:0.007450s ]

[ 2016-07-10T10:17:25+08:00 ] 127.0.0.1 /privilege/index.php/Admin/Access/index.html
INFO: [ app_init ] --START--
INFO: Run Behavior\BuildLiteBehavior [ RunTime:0.000019s ]
INFO: [ app_init ] --END-- [ RunTime:0.002551s ]
INFO: [ app_begin ] --START--
INFO: Run Behavior\ReadHtmlCacheBehavior [ RunTime:0.005624s ]
INFO: [ app_begin ] --END-- [ RunTime:0.005669s ]
SQL: SHOW COLUMNS FROM `think_user` [ RunTime:0.0210s ]
SQL: SELECT a.*,b.role_id FROM `think_user` as a left join think_role_user as b on a.id = b.user_id   [ RunTime:0.0009s ]
SQL: SHOW COLUMNS FROM `think_role` [ RunTime:0.0179s ]
SQL: SELECT `name` FROM `think_role` WHERE `id` = 3 LIMIT 1   [ RunTime:0.0006s ]
SQL: SELECT `name` FROM `think_role` WHERE `id` = null LIMIT 1   [ RunTime:0.0004s ]
INFO: [ view_parse ] --START--
INFO: [ template_filter ] --START--
INFO: Run Behavior\ContentReplaceBehavior [ RunTime:0.000033s ]
INFO: [ template_filter ] --END-- [ RunTime:0.000081s ]
INFO: Run Behavior\ParseTemplateBehavior [ RunTime:0.041955s ]
INFO: [ view_parse ] --END-- [ RunTime:0.042018s ]
INFO: [ view_filter ] --START--
INFO: Run Behavior\WriteHtmlCacheBehavior [ RunTime:0.005334s ]
INFO: [ view_filter ] --END-- [ RunTime:0.005372s ]
INFO: [ app_end ] --START--
INFO: Run Behavior\ShowPageTraceBehavior [ RunTime:0.005809s ]
INFO: [ app_end ] --END-- [ RunTime:0.005853s ]

[ 2016-07-10T10:18:20+08:00 ] 127.0.0.1 /privilege/index.php/Admin/Access/add_user.html
INFO: [ app_init ] --START--
INFO: Run Behavior\BuildLiteBehavior [ RunTime:0.000018s ]
INFO: [ app_init ] --END-- [ RunTime:0.001817s ]
INFO: [ app_begin ] --START--
INFO: Run Behavior\ReadHtmlCacheBehavior [ RunTime:0.005880s ]
INFO: [ app_begin ] --END-- [ RunTime:0.005938s ]
SQL: SHOW COLUMNS FROM `think_role` [ RunTime:0.0192s ]
SQL: SELECT * FROM `think_role`  [ RunTime:0.0005s ]
INFO: [ view_parse ] --START--
INFO: [ template_filter ] --START--
INFO: Run Behavior\ContentReplaceBehavior [ RunTime:0.000037s ]
INFO: [ template_filter ] --END-- [ RunTime:0.000089s ]
NOTIC: [8] Undefined variable: data D:\project\privilege\Application\Runtime\Cache\Admin\cebad29fbd644ae6ff76664aa944f735.php 第 41 行.
NOTIC: [8] Undefined variable: data D:\project\privilege\Application\Runtime\Cache\Admin\cebad29fbd644ae6ff76664aa944f735.php 第 60 行.
INFO: Run Behavior\ParseTemplateBehavior [ RunTime:0.043603s ]
INFO: [ view_parse ] --END-- [ RunTime:0.043672s ]
INFO: [ view_filter ] --START--
INFO: Run Behavior\WriteHtmlCacheBehavior [ RunTime:0.005773s ]
INFO: [ view_filter ] --END-- [ RunTime:0.005816s ]
INFO: [ app_end ] --START--
INFO: Run Behavior\ShowPageTraceBehavior [ RunTime:0.005816s ]
INFO: [ app_end ] --END-- [ RunTime:0.005861s ]

[ 2016-07-10T10:58:53+08:00 ] 127.0.0.1 /privilege/index.php/Admin/Access/node.html
INFO: [ app_init ] --START--
INFO: Run Behavior\BuildLiteBehavior [ RunTime:0.000015s ]
INFO: [ app_init ] --END-- [ RunTime:0.001864s ]
INFO: [ app_begin ] --START--
INFO: Run Behavior\ReadHtmlCacheBehavior [ RunTime:0.005889s ]
INFO: [ app_begin ] --END-- [ RunTime:0.005944s ]
SQL: SHOW COLUMNS FROM `think_node` [ RunTime:0.0481s ]
SQL: SELECT * FROM `think_node`  [ RunTime:0.0006s ]
INFO: [ view_parse ] --START--
INFO: [ template_filter ] --START--
INFO: Run Behavior\ContentReplaceBehavior [ RunTime:0.000037s ]
INFO: [ template_filter ] --END-- [ RunTime:0.000092s ]
INFO: Run Behavior\ParseTemplateBehavior [ RunTime:0.068507s ]
INFO: [ view_parse ] --END-- [ RunTime:0.068580s ]
INFO: [ view_filter ] --START--
INFO: Run Behavior\WriteHtmlCacheBehavior [ RunTime:0.007195s ]
INFO: [ view_filter ] --END-- [ RunTime:0.007242s ]
INFO: [ app_end ] --START--
INFO: Run Behavior\ShowPageTraceBehavior [ RunTime:0.006741s ]
INFO: [ app_end ] --END-- [ RunTime:0.006798s ]

